{"/Users/shacheng/Documents/Job/GoodNotes/State-Based-LWW-Element-Graph/src/lww.js": {"path":"/Users/shacheng/Documents/Job/GoodNotes/State-Based-LWW-Element-Graph/src/lww.js","statementMap":{"0":{"start":{"line":4,"column":2},"end":{"line":4,"column":24}},"1":{"start":{"line":5,"column":2},"end":{"line":5,"column":26}},"2":{"start":{"line":6,"column":2},"end":{"line":6,"column":22}},"3":{"start":{"line":7,"column":2},"end":{"line":7,"column":24}},"4":{"start":{"line":11,"column":13},"end":{"line":13,"column":2}},"5":{"start":{"line":12,"column":2},"end":{"line":12,"column":40}},"6":{"start":{"line":17,"column":16},"end":{"line":26,"column":2}},"7":{"start":{"line":18,"column":2},"end":{"line":25,"column":3}},"8":{"start":{"line":22,"column":3},"end":{"line":22,"column":15}},"9":{"start":{"line":24,"column":3},"end":{"line":24,"column":16}},"10":{"start":{"line":29,"column":16},"end":{"line":35,"column":2}},"11":{"start":{"line":30,"column":2},"end":{"line":34,"column":3}},"12":{"start":{"line":31,"column":3},"end":{"line":31,"column":43}},"13":{"start":{"line":33,"column":3},"end":{"line":33,"column":48}},"14":{"start":{"line":39,"column":16},"end":{"line":47,"column":2}},"15":{"start":{"line":40,"column":2},"end":{"line":45,"column":3}},"16":{"start":{"line":41,"column":19},"end":{"line":41,"column":34}},"17":{"start":{"line":42,"column":3},"end":{"line":44,"column":4}},"18":{"start":{"line":43,"column":4},"end":{"line":43,"column":16}},"19":{"start":{"line":46,"column":2},"end":{"line":46,"column":15}},"20":{"start":{"line":50,"column":11},"end":{"line":56,"column":2}},"21":{"start":{"line":51,"column":2},"end":{"line":55,"column":3}},"22":{"start":{"line":52,"column":3},"end":{"line":52,"column":51}},"23":{"start":{"line":54,"column":3},"end":{"line":54,"column":55}},"24":{"start":{"line":62,"column":14},"end":{"line":73,"column":2}},"25":{"start":{"line":63,"column":2},"end":{"line":72,"column":3}},"26":{"start":{"line":69,"column":3},"end":{"line":69,"column":15}},"27":{"start":{"line":71,"column":3},"end":{"line":71,"column":16}},"28":{"start":{"line":76,"column":14},"end":{"line":82,"column":2}},"29":{"start":{"line":77,"column":2},"end":{"line":81,"column":3}},"30":{"start":{"line":78,"column":3},"end":{"line":78,"column":39}},"31":{"start":{"line":80,"column":3},"end":{"line":80,"column":44}},"32":{"start":{"line":85,"column":20},"end":{"line":98,"column":2}},"33":{"start":{"line":86,"column":18},"end":{"line":86,"column":20}},"34":{"start":{"line":87,"column":2},"end":{"line":96,"column":3}},"35":{"start":{"line":88,"column":19},"end":{"line":88,"column":34}},"36":{"start":{"line":89,"column":3},"end":{"line":95,"column":4}},"37":{"start":{"line":90,"column":4},"end":{"line":94,"column":5}},"38":{"start":{"line":91,"column":5},"end":{"line":91,"column":32}},"39":{"start":{"line":92,"column":11},"end":{"line":94,"column":5}},"40":{"start":{"line":93,"column":5},"end":{"line":93,"column":32}},"41":{"start":{"line":97,"column":2},"end":{"line":97,"column":19}},"42":{"start":{"line":100,"column":9},"end":{"line":100,"column":24}},"43":{"start":{"line":103,"column":0},"end":{"line":103,"column":21}}},"fnMap":{"0":{"name":"(anonymous_0)","decl":{"start":{"line":3,"column":1},"end":{"line":3,"column":2}},"loc":{"start":{"line":3,"column":15},"end":{"line":8,"column":2}},"line":3},"1":{"name":"(anonymous_1)","decl":{"start":{"line":11,"column":13},"end":{"line":11,"column":14}},"loc":{"start":{"line":11,"column":25},"end":{"line":13,"column":2}},"line":11},"2":{"name":"(anonymous_2)","decl":{"start":{"line":17,"column":16},"end":{"line":17,"column":17}},"loc":{"start":{"line":17,"column":28},"end":{"line":26,"column":2}},"line":17},"3":{"name":"(anonymous_3)","decl":{"start":{"line":29,"column":16},"end":{"line":29,"column":17}},"loc":{"start":{"line":29,"column":28},"end":{"line":35,"column":2}},"line":29},"4":{"name":"(anonymous_4)","decl":{"start":{"line":39,"column":16},"end":{"line":39,"column":17}},"loc":{"start":{"line":39,"column":28},"end":{"line":47,"column":2}},"line":39},"5":{"name":"(anonymous_5)","decl":{"start":{"line":50,"column":11},"end":{"line":50,"column":12}},"loc":{"start":{"line":50,"column":33},"end":{"line":56,"column":2}},"line":50},"6":{"name":"(anonymous_6)","decl":{"start":{"line":62,"column":14},"end":{"line":62,"column":15}},"loc":{"start":{"line":62,"column":24},"end":{"line":73,"column":2}},"line":62},"7":{"name":"(anonymous_7)","decl":{"start":{"line":76,"column":14},"end":{"line":76,"column":15}},"loc":{"start":{"line":76,"column":24},"end":{"line":82,"column":2}},"line":76},"8":{"name":"(anonymous_8)","decl":{"start":{"line":85,"column":20},"end":{"line":85,"column":21}},"loc":{"start":{"line":85,"column":32},"end":{"line":98,"column":2}},"line":85},"9":{"name":"(anonymous_9)","decl":{"start":{"line":100,"column":9},"end":{"line":100,"column":10}},"loc":{"start":{"line":100,"column":22},"end":{"line":100,"column":24}},"line":100}},"branchMap":{"0":{"loc":{"start":{"line":18,"column":2},"end":{"line":25,"column":3}},"type":"if","locations":[{"start":{"line":18,"column":2},"end":{"line":25,"column":3}},{"start":{"line":18,"column":2},"end":{"line":25,"column":3}}],"line":18},"1":{"loc":{"start":{"line":19,"column":3},"end":{"line":20,"column":89}},"type":"binary-expr","locations":[{"start":{"line":19,"column":3},"end":{"line":19,"column":27}},{"start":{"line":20,"column":4},"end":{"line":20,"column":31}},{"start":{"line":20,"column":35},"end":{"line":20,"column":88}}],"line":19},"2":{"loc":{"start":{"line":30,"column":2},"end":{"line":34,"column":3}},"type":"if","locations":[{"start":{"line":30,"column":2},"end":{"line":34,"column":3}},{"start":{"line":30,"column":2},"end":{"line":34,"column":3}}],"line":30},"3":{"loc":{"start":{"line":30,"column":6},"end":{"line":30,"column":61}},"type":"binary-expr","locations":[{"start":{"line":30,"column":6},"end":{"line":30,"column":31}},{"start":{"line":30,"column":35},"end":{"line":30,"column":61}}],"line":30},"4":{"loc":{"start":{"line":42,"column":3},"end":{"line":44,"column":4}},"type":"if","locations":[{"start":{"line":42,"column":3},"end":{"line":44,"column":4}},{"start":{"line":42,"column":3},"end":{"line":44,"column":4}}],"line":42},"5":{"loc":{"start":{"line":42,"column":7},"end":{"line":42,"column":105}},"type":"binary-expr","locations":[{"start":{"line":42,"column":7},"end":{"line":42,"column":31}},{"start":{"line":42,"column":36},"end":{"line":42,"column":68}},{"start":{"line":42,"column":72},"end":{"line":42,"column":104}}],"line":42},"6":{"loc":{"start":{"line":51,"column":2},"end":{"line":55,"column":3}},"type":"if","locations":[{"start":{"line":51,"column":2},"end":{"line":55,"column":3}},{"start":{"line":51,"column":2},"end":{"line":55,"column":3}}],"line":51},"7":{"loc":{"start":{"line":51,"column":6},"end":{"line":51,"column":62}},"type":"binary-expr","locations":[{"start":{"line":51,"column":6},"end":{"line":51,"column":32}},{"start":{"line":51,"column":36},"end":{"line":51,"column":62}}],"line":51},"8":{"loc":{"start":{"line":63,"column":2},"end":{"line":72,"column":3}},"type":"if","locations":[{"start":{"line":63,"column":2},"end":{"line":72,"column":3}},{"start":{"line":63,"column":2},"end":{"line":72,"column":3}}],"line":63},"9":{"loc":{"start":{"line":64,"column":3},"end":{"line":67,"column":77}},"type":"binary-expr","locations":[{"start":{"line":64,"column":3},"end":{"line":64,"column":29}},{"start":{"line":65,"column":3},"end":{"line":65,"column":29}},{"start":{"line":66,"column":3},"end":{"line":66,"column":23}},{"start":{"line":67,"column":4},"end":{"line":67,"column":27}},{"start":{"line":67,"column":31},"end":{"line":67,"column":76}}],"line":64},"10":{"loc":{"start":{"line":77,"column":2},"end":{"line":81,"column":3}},"type":"if","locations":[{"start":{"line":77,"column":2},"end":{"line":81,"column":3}},{"start":{"line":77,"column":2},"end":{"line":81,"column":3}}],"line":77},"11":{"loc":{"start":{"line":89,"column":3},"end":{"line":95,"column":4}},"type":"if","locations":[{"start":{"line":89,"column":3},"end":{"line":95,"column":4}},{"start":{"line":89,"column":3},"end":{"line":95,"column":4}}],"line":89},"12":{"loc":{"start":{"line":90,"column":4},"end":{"line":94,"column":5}},"type":"if","locations":[{"start":{"line":90,"column":4},"end":{"line":94,"column":5}},{"start":{"line":90,"column":4},"end":{"line":94,"column":5}}],"line":90},"13":{"loc":{"start":{"line":92,"column":11},"end":{"line":94,"column":5}},"type":"if","locations":[{"start":{"line":92,"column":11},"end":{"line":94,"column":5}},{"start":{"line":92,"column":11},"end":{"line":94,"column":5}}],"line":92}},"s":{"0":13,"1":13,"2":13,"3":13,"4":13,"5":12,"6":13,"7":25,"8":19,"9":6,"10":13,"11":3,"12":2,"13":1,"14":13,"15":2,"16":0,"17":0,"18":0,"19":2,"20":13,"21":5,"22":4,"23":1,"24":13,"25":6,"26":3,"27":3,"28":13,"29":3,"30":2,"31":1,"32":13,"33":0,"34":0,"35":0,"36":0,"37":0,"38":0,"39":0,"40":0,"41":0,"42":13,"43":1},"f":{"0":13,"1":12,"2":25,"3":3,"4":2,"5":5,"6":6,"7":3,"8":0,"9":0},"b":{"0":[19,6],"1":[25,20,1],"2":[2,1],"3":[3,2],"4":[0,0],"5":[0,0,0],"6":[4,1],"7":[5,4],"8":[3,3],"9":[6,4,4,4,1],"10":[2,1],"11":[0,0],"12":[0,0],"13":[0,0]},"_coverageSchema":"1a1c01bbd47fc00a2c39e90264f33305004495a9","hash":"d37c035620c67cc1d26e74e8ea8fb465349a98ca"}
}
