TN:
SF:src/lww.js
FN:3,(anonymous_0)
FN:11,(anonymous_1)
FN:17,(anonymous_2)
FN:29,(anonymous_3)
FN:39,(anonymous_4)
FN:50,(anonymous_5)
FN:62,(anonymous_6)
FN:76,(anonymous_7)
FN:85,(anonymous_8)
FN:100,(anonymous_9)
FNF:10
FNH:8
FNDA:13,(anonymous_0)
FNDA:12,(anonymous_1)
FNDA:25,(anonymous_2)
FNDA:3,(anonymous_3)
FNDA:2,(anonymous_4)
FNDA:5,(anonymous_5)
FNDA:6,(anonymous_6)
FNDA:3,(anonymous_7)
FNDA:0,(anonymous_8)
FNDA:0,(anonymous_9)
DA:4,13
DA:5,13
DA:6,13
DA:7,13
DA:11,13
DA:12,12
DA:17,13
DA:18,25
DA:22,19
DA:24,6
DA:29,13
DA:30,3
DA:31,2
DA:33,1
DA:39,13
DA:40,2
DA:41,0
DA:42,0
DA:43,0
DA:46,2
DA:50,13
DA:51,5
DA:52,4
DA:54,1
DA:62,13
DA:63,6
DA:69,3
DA:71,3
DA:76,13
DA:77,3
DA:78,2
DA:80,1
DA:85,13
DA:86,0
DA:87,0
DA:88,0
DA:89,0
DA:90,0
DA:91,0
DA:92,0
DA:93,0
DA:97,0
DA:100,13
DA:103,1
LF:44
LH:32
BRDA:18,0,0,19
BRDA:18,0,1,6
BRDA:19,1,0,25
BRDA:19,1,1,20
BRDA:19,1,2,1
BRDA:30,2,0,2
BRDA:30,2,1,1
BRDA:30,3,0,3
BRDA:30,3,1,2
BRDA:42,4,0,0
BRDA:42,4,1,0
BRDA:42,5,0,0
BRDA:42,5,1,0
BRDA:42,5,2,0
BRDA:51,6,0,4
BRDA:51,6,1,1
BRDA:51,7,0,5
BRDA:51,7,1,4
BRDA:63,8,0,3
BRDA:63,8,1,3
BRDA:64,9,0,6
BRDA:64,9,1,4
BRDA:64,9,2,4
BRDA:64,9,3,4
BRDA:64,9,4,1
BRDA:77,10,0,2
BRDA:77,10,1,1
BRDA:89,11,0,0
BRDA:89,11,1,0
BRDA:90,12,0,0
BRDA:90,12,1,0
BRDA:92,13,0,0
BRDA:92,13,1,0
BRF:33
BRH:22
end_of_record
